14:07:34.191 [main] INFO  - Goto my account-->Click on Login.. 
14:07:34.883 [main] INFO  - Entering email and password.. 
14:07:35.559 [main] INFO  - clicked on login button...
15:21:51.876 [main] INFO  - Goto my account-->Click on Login.. 
15:21:53.135 [main] INFO  - Entering email and password.. 
15:21:54.620 [main] INFO  - clicked on login button...
15:32:55.009 [main] INFO  - Goto my account-->Click on Login.. 
15:32:55.760 [main] INFO  - Entering email and password.. 
15:32:56.517 [main] INFO  - clicked on login button...
15:44:58.490 [main] INFO  - Goto my account-->Click on Login.. 
15:44:59.375 [main] INFO  - Entering email and password.. 
15:45:00.720 [main] INFO  - clicked on login button...
11:24:02.941 [pool-3-thread-1] INFO  - Goto my account-->Click on Login.. 
11:24:03.761 [pool-3-thread-1] INFO  - Entering email and password.. 
11:24:06.101 [pool-3-thread-1] INFO  - clicked on login button...
11:25:07.956 [main] INFO  - Goto my account-->Click on Login.. 
11:25:08.604 [main] INFO  - Entering email and password.. 
11:25:09.732 [main] INFO  - clicked on login button...
11:27:34.728 [main] INFO  - Goto my account-->Click on Login.. 
11:27:35.361 [main] INFO  - Entering email and password.. 
11:27:36.283 [main] INFO  - clicked on login button...
11:28:39.062 [pool-3-thread-1] INFO  - Goto my account-->Click on Login.. 
11:28:39.709 [pool-3-thread-1] INFO  - Entering email and password.. 
11:28:41.527 [pool-3-thread-1] INFO  - clicked on login button...
11:30:58.762 [main] INFO  - Goto my account-->Click on Login.. 
11:30:59.506 [main] INFO  - Entering email and password.. 
11:31:00.817 [main] INFO  - clicked on login button...
11:32:42.541 [main] INFO  - Goto my account-->Click on Login.. 
11:32:46.118 [main] INFO  - Entering email and password.. 
11:32:47.244 [main] INFO  - clicked on login button...
11:34:08.134 [main] INFO  - Goto my account-->Click on Login.. 
11:34:08.801 [main] INFO  - Entering email and password.. 
11:34:10.471 [main] INFO  - clicked on login button...
11:45:34.561 [main] INFO  - Goto my account-->Click on Login.. 
11:45:35.241 [main] INFO  - Entering email and password.. 
11:45:36.544 [main] INFO  - clicked on login button...
11:48:32.063 [main] INFO  - Goto my account-->Click on Login.. 
11:48:32.749 [main] INFO  - Entering email and password.. 
11:48:34.206 [main] INFO  - clicked on login button...
12:19:09.362 [main] INFO  - Goto my account-->Click on Login.. 
12:19:10.371 [main] INFO  - Entering email and password.. 
12:19:11.738 [main] INFO  - clicked on login button...
12:24:14.670 [main] INFO  - Goto my account-->Click on Login.. 
12:24:15.551 [main] INFO  - Entering email and password.. 
12:24:16.857 [main] INFO  - clicked on login button...
12:25:59.705 [main] INFO  - Goto my account-->Click on Login.. 
12:26:00.443 [main] INFO  - Entering email and password.. 
12:26:01.724 [main] INFO  - clicked on login button...
12:40:21.946 [main] INFO  - Goto my account-->Click on Login.. 
12:40:22.616 [main] INFO  - Entering email and password.. 
12:40:24.212 [main] INFO  - clicked on login button...
12:48:13.135 [main] INFO  - Goto my account-->Click on Login.. 
12:48:14.187 [main] INFO  - Entering email and password.. 
12:48:15.338 [main] INFO  - clicked on login button...
07:20:02.541 [main] INFO  - Goto my account-->Click on Login.. 
07:20:03.687 [main] INFO  - Entering email and password.. 
07:20:04.885 [main] INFO  - clicked on login button...
07:26:07.255 [main] INFO  - Goto my account-->Click on Login.. 
07:26:08.073 [main] INFO  - Entering email and password.. 
07:26:08.937 [main] INFO  - clicked on login button...
07:27:45.855 [main] INFO  - Goto my account-->Click on Login.. 
07:27:46.685 [main] INFO  - Entering email and password.. 
07:27:47.506 [main] INFO  - clicked on login button...
07:42:18.774 [main] INFO  - Goto my account-->Click on Login.. 
07:42:19.621 [main] INFO  - Entering email and password.. 
07:42:20.495 [main] INFO  - clicked on login button...
07:44:30.850 [main] INFO  - Goto my account-->Click on Login.. 
07:44:31.695 [main] INFO  - Entering email and password.. 
07:44:32.578 [main] INFO  - clicked on login button...
07:46:04.249 [main] INFO  - Goto my account-->Click on Login.. 
07:46:05.043 [main] INFO  - Entering email and password.. 
07:46:05.916 [main] INFO  - clicked on login button...
07:52:55.919 [main] INFO  - Goto my account-->Click on Login.. 
07:52:56.718 [main] INFO  - Entering email and password.. 
07:52:57.593 [main] INFO  - clicked on login button...
18:20:39.581 [main] INFO  - Goto my account-->Click on Login.. 
18:20:39.958 [main] INFO  - Entering email and password.. 
18:20:40.235 [main] INFO  - clicked on login button...
18:20:52.547 [main] INFO  - Goto my account-->Click on Login.. 
18:20:52.896 [main] INFO  - Entering email and password.. 
18:20:53.913 [main] INFO  - clicked on login button...
18:21:54.691 [main] INFO  - Goto my account-->Click on Login.. 
18:21:55.023 [main] INFO  - Entering email and password.. 
18:21:55.294 [main] INFO  - clicked on login button...
18:22:07.901 [main] INFO  - Goto my account-->Click on Login.. 
18:22:08.227 [main] INFO  - Entering email and password.. 
18:22:09.090 [main] INFO  - clicked on login button...
18:22:10.957 [main] INFO  - Goto my account-->Click on Login.. 
18:22:11.461 [main] INFO  - Entering email and password.. 
18:22:12.237 [main] INFO  - clicked on login button...
18:24:33.590 [main] INFO  - Goto my account-->Click on Login.. 
18:24:33.940 [main] INFO  - Entering email and password.. 
18:24:34.347 [main] INFO  - clicked on login button...
18:24:49.933 [main] INFO  - Goto my account-->Click on Login.. 
18:24:50.236 [main] INFO  - Entering email and password.. 
18:24:51.236 [main] INFO  - clicked on login button...
18:27:53.922 [main] INFO  - Goto my account-->Click on Login.. 
18:27:54.273 [main] INFO  - Entering email and password.. 
18:27:54.542 [main] INFO  - clicked on login button...
18:28:07.222 [main] INFO  - Goto my account-->Click on Login.. 
18:28:07.763 [main] INFO  - Entering email and password.. 
18:28:09.018 [main] INFO  - clicked on login button...
18:28:11.811 [main] INFO  - Goto my account-->Click on Login.. 
18:28:12.127 [main] INFO  - Entering email and password.. 
18:28:12.363 [main] INFO  - clicked on login button...
18:31:20.659 [main] INFO  - Goto my account-->Click on Login.. 
18:31:20.964 [main] INFO  - Entering email and password.. 
18:31:21.737 [main] INFO  - clicked on login button...
18:31:33.715 [main] INFO  - Goto my account-->Click on Login.. 
18:31:34.024 [main] INFO  - Entering email and password.. 
18:31:35.140 [main] INFO  - clicked on login button...
18:31:37.889 [main] INFO  - Goto my account-->Click on Login.. 
18:31:38.197 [main] INFO  - Entering email and password.. 
18:31:38.431 [main] INFO  - clicked on login button...
20:48:21.543 [main] INFO  - Goto my account-->Click on Login.. 
20:48:21.902 [main] INFO  - Entering email and password.. 
20:48:22.143 [main] INFO  - clicked on login button...
20:48:24.794 [main] INFO  - Goto my account-->Click on Login.. 
20:48:25.100 [main] INFO  - Entering email and password.. 
20:48:25.351 [main] INFO  - clicked on login button...
20:48:31.165 [main] INFO  - Goto my account-->Click on Login.. 
20:48:31.462 [main] INFO  - Entering email and password.. 
20:48:31.768 [main] INFO  - clicked on login button...
20:50:22.140 [main] INFO  - Goto my account-->Click on Login.. 
20:50:22.448 [main] INFO  - Entering email and password.. 
20:50:22.659 [main] INFO  - clicked on login button...
20:50:25.191 [main] INFO  - Goto my account-->Click on Login.. 
20:50:25.494 [main] INFO  - Entering email and password.. 
20:50:26.348 [main] INFO  - clicked on login button...
20:50:29.416 [main] INFO  - Goto my account-->Click on Login.. 
20:50:30.030 [main] INFO  - Entering email and password.. 
20:50:30.240 [main] INFO  - clicked on login button...
23:12:26.820 [main] INFO  - Goto my account-->Click on Login.. 
23:12:27.432 [main] DEBUG - Parsing relationship: /xl/_rels/workbook.xml.rels
23:12:27.435 [main] DEBUG - Parsing relationship: /xl/worksheets/_rels/sheet1.xml.rels
23:12:27.438 [main] DEBUG - Parsing relationship: /_rels/.rels
23:12:27.701 [main] TRACE - Loading type system org.apache.poi.schemas.ooxml.system.ooxml
23:12:27.701 [main] TRACE - Loading type system org.apache.xmlbeans.metadata.system.sXMLCONFIG
23:12:27.701 [main] TRACE - Loading type system org.apache.xmlbeans.metadata.system.sXMLLANG
23:12:27.701 [main] TRACE - Loading type system org.apache.xmlbeans.metadata.system.sXMLSCHEMA
23:12:27.707 [main] TRACE - Loading type system org.apache.xmlbeans.metadata.system.sXMLTOOLS
23:12:27.708 [main] TRACE - Reading unresolved handles for type system org.apache.xmlbeans.metadata.system.sXMLTOOLS
23:12:27.728 [main] TRACE - Finished loading type system org.apache.xmlbeans.metadata.system.sXMLTOOLS
23:12:27.731 [main] TRACE - Reading unresolved handles for type system org.apache.xmlbeans.metadata.system.sXMLSCHEMA
23:12:27.736 [main] TRACE - Finished loading type system org.apache.xmlbeans.metadata.system.sXMLSCHEMA
23:12:27.738 [main] TRACE - Reading unresolved handles for type system org.apache.xmlbeans.metadata.system.sXMLLANG
23:12:27.740 [main] TRACE - Finished loading type system org.apache.xmlbeans.metadata.system.sXMLLANG
23:12:27.742 [main] TRACE - Reading unresolved handles for type system org.apache.xmlbeans.metadata.system.sXMLCONFIG
23:12:27.744 [main] TRACE - Finished loading type system org.apache.xmlbeans.metadata.system.sXMLCONFIG
23:12:27.744 [main] TRACE - Reading unresolved handles for type system org.apache.poi.schemas.ooxml.system.ooxml
23:12:27.801 [main] TRACE - Finished loading type system org.apache.poi.schemas.ooxml.system.ooxml
23:12:27.801 [main] TRACE - Resolving type for handle themefd26doctype
23:12:27.890 [main] TRACE - Resolving type for handle stylesheet5d8bdoctype
23:12:27.899 [main] TRACE - Resolving type for handle ctstylesheet4257type
23:12:27.904 [main] TRACE - Resolving type for handle ctfonts6623type
23:12:27.909 [main] TRACE - Resolving type for handle ctfont14d8type
23:12:27.914 [main] TRACE - Resolving type for handle ctfills2c6ftype
23:12:27.917 [main] TRACE - Resolving type for handle ctfill550ctype
23:12:27.920 [main] TRACE - Resolving type for handle ctborders0d66type
23:12:27.922 [main] TRACE - Resolving type for handle ctborderf935type
23:12:27.927 [main] TRACE - Resolving type for handle ctcellxfs1322type
23:12:27.932 [main] TRACE - Resolving type for handle ctxf97f7type
23:12:27.936 [main] TRACE - Resolving type for handle ctcellstylexfsa81ftype
23:12:27.938 [main] TRACE - Resolving type for handle ctdxfsb26atype
23:12:27.942 [main] TRACE - Resolving type for handle cttablestyles872ftype
23:12:27.946 [main] TRACE - Resolving type for handle sstf81fdoctype
23:12:27.952 [main] TRACE - Resolving type for handle ctsst44f3type
23:12:27.964 [main] TRACE - Resolving type for handle ctrsta472type
23:12:27.988 [main] DEBUG - using default POIXMLDocumentPart for http://schemas.openxmlformats.org/officeDocument/2006/relationships/printerSettings
23:12:27.988 [main] TRACE - Resolving type for handle workbookec17doctype
23:12:27.993 [main] TRACE - Resolving type for handle ctworkbook83c3type
23:12:28.000 [main] TRACE - Resolving type for handle ctsheets49fdtype
23:12:28.003 [main] TRACE - Resolving type for handle ctsheet4dbetype
23:12:28.003 [main] TRACE - Resolving type for handle strelationshipid1e94type
23:12:28.003 [main] TRACE - Resolving type for handle worksheetf539doctype
23:12:28.015 [main] TRACE - Resolving type for handle ctworksheet530dtype
23:12:28.024 [main] TRACE - Resolving type for handle ctsheetdata8408type
23:12:28.026 [main] TRACE - Resolving type for handle ctrowdd39type
23:12:28.030 [main] TRACE - Resolving type for handle ctcell842btype
23:12:28.043 [main] TRACE - Resolving type for handle stcellrefe4e0type
23:12:28.055 [main] TRACE - Resolving type for handle ctcols627ctype
23:12:28.059 [main] TRACE - Resolving type for handle ctcola95ftype
23:12:28.079 [main] TRACE - Resolving type for handle cthyperlinks6416type
23:12:28.084 [main] TRACE - Resolving type for handle cthyperlink0c85type
23:12:28.090 [main] TRACE - Resolving type for handle stxstringf179type
23:12:28.090 [main] TRACE - Resolving type for handle stcelltypebf95type
23:12:32.709 [main] INFO  - Goto my account-->Click on Login.. 
23:12:33.153 [main] DEBUG - Parsing relationship: /xl/_rels/workbook.xml.rels
23:12:33.154 [main] DEBUG - Parsing relationship: /xl/worksheets/_rels/sheet1.xml.rels
23:12:33.157 [main] DEBUG - Parsing relationship: /_rels/.rels
23:12:33.177 [main] DEBUG - using default POIXMLDocumentPart for http://schemas.openxmlformats.org/officeDocument/2006/relationships/printerSettings
23:12:37.157 [main] INFO  - Goto my account-->Click on Login.. 
23:12:37.568 [main] DEBUG - Parsing relationship: /xl/_rels/workbook.xml.rels
23:12:37.568 [main] DEBUG - Parsing relationship: /xl/worksheets/_rels/sheet1.xml.rels
23:12:37.575 [main] DEBUG - Parsing relationship: /_rels/.rels
23:12:37.598 [main] DEBUG - using default POIXMLDocumentPart for http://schemas.openxmlformats.org/officeDocument/2006/relationships/printerSettings
10:11:56.719 [main] INFO  - Goto my account-->Click on Login.. 
10:11:57.049 [main] INFO  - Entering email and password.. 
10:11:58.097 [main] INFO  - clicked on login button...
10:13:21.681 [main] INFO  - Goto my account-->Click on Login.. 
10:13:21.965 [main] INFO  - Entering email and password.. 
10:13:25.506 [main] INFO  - clicked on login button...
10:13:27.153 [main] INFO  - Goto my account-->Click on Login.. 
10:13:27.418 [main] INFO  - Entering email and password.. 
10:13:27.610 [main] INFO  - clicked on login button...
10:13:29.971 [main] INFO  - Goto my account-->Click on Login.. 
10:13:30.281 [main] INFO  - Entering email and password.. 
10:13:30.507 [main] INFO  - clicked on login button...
10:16:57.397 [main] INFO  - Goto my account-->Click on Login.. 
10:16:57.806 [main] INFO  - Entering email and password.. 
10:16:58.082 [main] INFO  - clicked on login button...
10:17:00.364 [main] INFO  - Goto my account-->Click on Login.. 
10:17:00.693 [main] INFO  - Entering email and password.. 
10:17:01.005 [main] INFO  - clicked on login button...
10:19:49.238 [main] INFO  - Goto my account-->Click on Login.. 
10:19:49.538 [main] INFO  - Entering email and password.. 
10:19:49.759 [main] INFO  - clicked on login button...
10:19:52.110 [main] INFO  - Goto my account-->Click on Login.. 
10:19:52.396 [main] INFO  - Entering email and password.. 
10:19:52.624 [main] INFO  - clicked on login button...
10:21:45.595 [main] INFO  - Goto my account-->Click on Login.. 
10:21:45.879 [main] INFO  - Entering email and password.. 
10:21:46.797 [main] INFO  - clicked on login button...
10:21:51.695 [main] INFO  - Goto my account-->Click on Login.. 
10:21:51.986 [main] INFO  - Entering email and password.. 
10:21:52.817 [main] INFO  - clicked on login button...
10:21:54.468 [main] INFO  - Goto my account-->Click on Login.. 
10:21:54.754 [main] INFO  - Entering email and password.. 
10:21:54.975 [main] INFO  - clicked on login button...
10:22:51.404 [main] INFO  - Goto my account-->Click on Login.. 
10:22:51.692 [main] INFO  - Entering email and password.. 
10:22:52.525 [main] INFO  - clicked on login button...
10:22:53.838 [main] INFO  - Goto my account-->Click on Login.. 
10:23:07.707 [main] INFO  - Entering email and password.. 
10:23:08.856 [main] INFO  - clicked on login button...
10:23:12.908 [main] INFO  - Goto my account-->Click on Login.. 
10:23:13.233 [main] INFO  - Entering email and password.. 
10:23:14.084 [main] INFO  - clicked on login button...
10:23:48.556 [main] INFO  - Goto my account-->Click on Login.. 
10:23:48.902 [main] INFO  - Entering email and password.. 
10:23:49.209 [main] INFO  - clicked on login button...
10:23:51.704 [main] INFO  - Goto my account-->Click on Login.. 
10:23:52.216 [main] INFO  - Entering email and password.. 
10:23:53.230 [main] INFO  - clicked on login button...
10:23:55.011 [main] INFO  - Goto my account-->Click on Login.. 
10:23:55.383 [main] INFO  - Entering email and password.. 
10:23:56.265 [main] INFO  - clicked on login button...
10:25:39.728 [main] INFO  - Goto my account-->Click on Login.. 
10:25:40.139 [main] INFO  - Entering email and password.. 
10:25:40.361 [main] INFO  - clicked on login button...
10:25:45.812 [main] INFO  - Goto my account-->Click on Login.. 
10:25:49.340 [main] INFO  - Entering email and password.. 
10:25:49.550 [main] INFO  - clicked on login button...
10:26:01.967 [main] INFO  - Goto my account-->Click on Login.. 
10:26:02.253 [main] INFO  - Entering email and password.. 
10:26:02.481 [main] INFO  - clicked on login button...
10:27:36.915 [main] INFO  - Goto my account-->Click on Login.. 
10:27:37.193 [main] INFO  - Entering email and password.. 
10:27:37.414 [main] INFO  - clicked on login button...
13:22:25.666 [main] INFO  - Goto my account-->Click on Login.. 
13:22:26.001 [main] INFO  - Entering email and password.. 
13:22:26.896 [main] INFO  - clicked on login button...
13:22:28.651 [main] INFO  - Goto my account-->Click on Login.. 
13:22:28.964 [main] INFO  - Entering email and password.. 
13:22:29.894 [main] INFO  - clicked on login button...
13:22:31.582 [main] INFO  - Goto my account-->Click on Login.. 
13:22:31.893 [main] INFO  - Entering email and password.. 
13:22:32.154 [main] INFO  - clicked on login button...
